2018-12-29 8:22:51 - DEBUG - Parameters to send to payment gateway : Array
(
    [signature] => 47b8ffa1dff67a132f1c861c2e918c67f49231ff
    [vads_action_mode] => INTERACTIVE
    [vads_amount] => 5300
    [vads_contrib] => OpenCart3.x_4.0.0/3.0.2.0/7.1.25
    [vads_ctx_mode] => PRODUCTION
    [vads_currency] => 356
    [vads_cust_address] => Sonai Petrolium Service,Hingangoan,Pune-Solapur Highway
    [vads_cust_city] => Indapur
    [vads_cust_country] => IN
    [vads_cust_email] => amitbaramatimca@gmail.com
    [vads_cust_first_name] => Akshay
    [vads_cust_id] => 3
    [vads_cust_last_name] => Suryawanshi
    [vads_cust_phone] => 8796154725
    [vads_cust_state] => Maharashtra
    [vads_cust_zip] => 413106
    [vads_language] => en
    [vads_order_id] => 109
    [vads_order_info] => session_id=716b8234cb7836a331a35ab26b
    [vads_page_action] => PAYMENT
    [vads_payment_config] => MULTI:first=1767;count=3;period=30
    [vads_return_mode] => GET
    [vads_ship_to_city] => Indapur
    [vads_ship_to_country] => IN
    [vads_ship_to_first_name] => Akshay
    [vads_ship_to_last_name] => Suryawanshi
    [vads_ship_to_state] => Maharashtra
    [vads_ship_to_street] => Sonai Petrolium Service,Hingangoan,Pune-Solapur Highway
    [vads_ship_to_street2] => 
    [vads_ship_to_zip] => 413106
    [vads_site_id] => 12345678
    [vads_trans_date] => 20181229082251
    [vads_trans_id] => 301716
    [vads_url_return] => http://vinayakelectrical.in/index.php?route=extension/payment/payzen_multi/process
    [vads_version] => V2
)

2018-12-29 8:25:26 - DEBUG - Parameters to send to payment gateway : Array
(
    [signature] => 87769fd64e7f12d8ae9e92b9d745595679d2fe10
    [vads_action_mode] => INTERACTIVE
    [vads_amount] => 5300
    [vads_available_languages] => en
    [vads_capture_delay] => 
    [vads_contrib] => OpenCart3.x_4.0.0/3.0.2.0/7.1.25
    [vads_currency] => 356
    [vads_cust_address] => Sonai Petrolium Service,Hingangoan,Pune-Solapur Highway
    [vads_cust_city] => Indapur
    [vads_cust_country] => IN
    [vads_cust_email] => amitbaramatimca@gmail.com
    [vads_cust_first_name] => Akshay
    [vads_cust_id] => 3
    [vads_cust_last_name] => Suryawanshi
    [vads_cust_phone] => 8796154725
    [vads_cust_state] => Maharashtra
    [vads_cust_zip] => 413106
    [vads_language] => en
    [vads_order_id] => 110
    [vads_order_info] => session_id=716b8234cb7836a331a35ab26b
    [vads_page_action] => PAYMENT
    [vads_payment_cards] => 
    [vads_payment_config] => SINGLE
    [vads_return_mode] => GET
    [vads_ship_to_city] => Indapur
    [vads_ship_to_country] => IN
    [vads_ship_to_first_name] => Akshay
    [vads_ship_to_last_name] => Suryawanshi
    [vads_ship_to_state] => Maharashtra
    [vads_ship_to_street] => Sonai Petrolium Service,Hingangoan,Pune-Solapur Highway
    [vads_ship_to_street2] => 
    [vads_ship_to_zip] => 413106
    [vads_site_id] => 12345678
    [vads_trans_date] => 20181229082526
    [vads_trans_id] => 303261
    [vads_url_return] => http://vinayakelectrical.in/index.php?route=extension/payment/payzen/process
    [vads_validation_mode] => 
    [vads_version] => V2
)

2018-12-31 12:15:34 - DEBUG - Parameters to send to payment gateway : Array
(
    [signature] => a3addd208d82459d72045356c2b3a23c010d269d
    [vads_action_mode] => INTERACTIVE
    [vads_amount] => 10600
    [vads_available_languages] => en
    [vads_capture_delay] => 
    [vads_contrib] => OpenCart3.x_4.0.0/3.0.2.0/7.1.25
    [vads_currency] => 356
    [vads_cust_address] => 145 145
    [vads_cust_city] => noida
    [vads_cust_country] => IN
    [vads_cust_email] => sahilama@gmail.com
    [vads_cust_first_name] => sahil
    [vads_cust_id] => 20
    [vads_cust_last_name] => kumar
    [vads_cust_phone] => 09417812345
    [vads_cust_state] => Uttar Pradesh
    [vads_cust_zip] => 201301
    [vads_language] => en
    [vads_order_id] => 111
    [vads_order_info] => session_id=dabd1dbf145292447934212169
    [vads_page_action] => PAYMENT
    [vads_payment_cards] => 
    [vads_payment_config] => SINGLE
    [vads_return_mode] => GET
    [vads_ship_to_city] => noida
    [vads_ship_to_country] => IN
    [vads_ship_to_first_name] => sahil
    [vads_ship_to_last_name] => kumar
    [vads_ship_to_state] => Uttar Pradesh
    [vads_ship_to_street] => 145
    [vads_ship_to_street2] => 145
    [vads_ship_to_zip] => 201301
    [vads_site_id] => 12345678
    [vads_trans_date] => 20181231121534
    [vads_trans_id] => 441340
    [vads_url_return] => http://vinayakelectrical.in/index.php?route=extension/payment/payzen/process
    [vads_validation_mode] => 
    [vads_version] => V2
)

2018-12-31 12:16:05 - DEBUG - Parameters to send to payment gateway : Array
(
    [signature] => acaac81453ac0afa0b05121407fb7da3ebb0ecde
    [vads_action_mode] => INTERACTIVE
    [vads_amount] => 10600
    [vads_available_languages] => en
    [vads_capture_delay] => 
    [vads_contrib] => OpenCart3.x_4.0.0/3.0.2.0/7.1.25
    [vads_currency] => 356
    [vads_cust_address] => 145 145
    [vads_cust_city] => noida
    [vads_cust_country] => IN
    [vads_cust_email] => sahilama@gmail.com
    [vads_cust_first_name] => sahil
    [vads_cust_id] => 20
    [vads_cust_last_name] => kumar
    [vads_cust_phone] => 09417812345
    [vads_cust_state] => Uttar Pradesh
    [vads_cust_zip] => 201301
    [vads_language] => en
    [vads_order_id] => 112
    [vads_order_info] => session_id=dabd1dbf145292447934212169
    [vads_page_action] => PAYMENT
    [vads_payment_cards] => 
    [vads_payment_config] => SINGLE
    [vads_return_mode] => GET
    [vads_ship_to_city] => noida
    [vads_ship_to_country] => IN
    [vads_ship_to_first_name] => sahil
    [vads_ship_to_last_name] => kumar
    [vads_ship_to_state] => Uttar Pradesh
    [vads_ship_to_street] => 145
    [vads_ship_to_street2] => 145
    [vads_ship_to_zip] => 201301
    [vads_site_id] => 12345678
    [vads_trans_date] => 20181231121605
    [vads_trans_id] => 441655
    [vads_url_return] => http://vinayakelectrical.in/index.php?route=extension/payment/payzen/process
    [vads_validation_mode] => 
    [vads_version] => V2
)

2018-12-31 12:16:52 - DEBUG - Parameters to send to payment gateway : Array
(
    [signature] => 77ad4532514daba9c04d151870271f8f250ba422
    [vads_action_mode] => INTERACTIVE
    [vads_amount] => 10600
    [vads_contrib] => OpenCart3.x_4.0.0/3.0.2.0/7.1.25
    [vads_ctx_mode] => PRODUCTION
    [vads_currency] => 356
    [vads_cust_address] => 145 145
    [vads_cust_city] => noida
    [vads_cust_country] => IN
    [vads_cust_email] => sahilama@gmail.com
    [vads_cust_first_name] => sahil
    [vads_cust_id] => 20
    [vads_cust_last_name] => kumar
    [vads_cust_phone] => 09417812345
    [vads_cust_state] => Uttar Pradesh
    [vads_cust_zip] => 201301
    [vads_language] => en
    [vads_order_id] => 113
    [vads_order_info] => session_id=dabd1dbf145292447934212169
    [vads_page_action] => PAYMENT
    [vads_payment_config] => MULTI:first=3533;count=3;period=30
    [vads_return_mode] => GET
    [vads_ship_to_city] => noida
    [vads_ship_to_country] => IN
    [vads_ship_to_first_name] => sahil
    [vads_ship_to_last_name] => kumar
    [vads_ship_to_state] => Uttar Pradesh
    [vads_ship_to_street] => 145
    [vads_ship_to_street2] => 145
    [vads_ship_to_zip] => 201301
    [vads_site_id] => 12345678
    [vads_trans_date] => 20181231121652
    [vads_trans_id] => 442129
    [vads_url_return] => http://vinayakelectrical.in/index.php?route=extension/payment/payzen_multi/process
    [vads_version] => V2
)

2018-12-31 12:17:22 - DEBUG - Parameters to send to payment gateway : Array
(
    [signature] => e3a489e92bd8babb023f0a69ff1c31aaf7289e7b
    [vads_action_mode] => INTERACTIVE
    [vads_amount] => 10600
    [vads_available_languages] => en
    [vads_capture_delay] => 
    [vads_contrib] => OpenCart3.x_4.0.0/3.0.2.0/7.1.25
    [vads_currency] => 356
    [vads_cust_address] => 145 145
    [vads_cust_city] => noida
    [vads_cust_country] => IN
    [vads_cust_email] => sahilama@gmail.com
    [vads_cust_first_name] => sahil
    [vads_cust_id] => 20
    [vads_cust_last_name] => kumar
    [vads_cust_phone] => 09417812345
    [vads_cust_state] => Uttar Pradesh
    [vads_cust_zip] => 201301
    [vads_language] => en
    [vads_order_id] => 114
    [vads_order_info] => session_id=dabd1dbf145292447934212169
    [vads_page_action] => PAYMENT
    [vads_payment_cards] => 
    [vads_payment_config] => SINGLE
    [vads_return_mode] => GET
    [vads_ship_to_city] => noida
    [vads_ship_to_country] => IN
    [vads_ship_to_first_name] => sahil
    [vads_ship_to_last_name] => kumar
    [vads_ship_to_state] => Uttar Pradesh
    [vads_ship_to_street] => 145
    [vads_ship_to_street2] => 145
    [vads_ship_to_zip] => 201301
    [vads_site_id] => 12345678
    [vads_trans_date] => 20181231121722
    [vads_trans_id] => 442429
    [vads_url_return] => http://vinayakelectrical.in/index.php?route=extension/payment/payzen/process
    [vads_validation_mode] => 
    [vads_version] => V2
)

