2019-01-23 3:24:21 - PHP Warning:  unlink(/home/dkkkpmba/public_html/storage/cache/cache.catalog.language.1548213413): No such file or directory in /home/dkkkpmba/public_html/kasturicollection.com/system/library/cache/file.php on line 33
2019-01-23 17:06:28 - PHP Warning:  unlink(/home/dkkkpmba/public_html/storage/cache/cache.currency.1548262144): No such file or directory in /home/dkkkpmba/public_html/kasturicollection.com/system/library/cache/file.php on line 33
2019-01-25 23:28:33 - PHP Warning:  unlink(/home/dkkkpmba/public_html/storage/cache/cache.voucher_theme.1.1548456610): No such file or directory in /home/dkkkpmba/public_html/kasturicollection.com/system/library/cache/file.php on line 33
2019-01-26 11:06:44 - PHP Warning:  unlink(/home/dkkkpmba/public_html/storage/cache/cache.catalog.language.1548498783): No such file or directory in /home/dkkkpmba/public_html/kasturicollection.com/system/library/cache/file.php on line 33
2019-03-02 22:36:24 - PHP Warning:  unlink(/home/dkkkpmba/public_html/storage/cache/cache.catalog.language.1551569325): No such file or directory in /home/dkkkpmba/public_html/vinayakelectrical.in/system/library/cache/file.php on line 68
2019-03-15 21:04:03 - PHP Warning:  unlink(/home/dkkkpmba/public_html/storage/cache/cache.currency.1552683346): No such file or directory in /home/dkkkpmba/public_html/vinayakelectrical.in/system/library/cache/file.php on line 17
2019-03-15 21:04:06 - PHP Warning:  unlink(/home/dkkkpmba/public_html/storage/cache/cache.catalog.language.1552686353): No such file or directory in /home/dkkkpmba/public_html/vinayakelectrical.in/system/library/cache/file.php on line 68
2019-03-18 9:37:40 - PHP Warning:  unlink(/home/dkkkpmba/public_html/storage/cache/cache.catalog.language.1552901866): No such file or directory in /home/dkkkpmba/public_html/vinayakelectrical.in/system/library/cache/file.php on line 68
2019-03-23 21:43:26 - PHP Warning:  mysqli::__construct(): (08004/1040): Too many connections in /home/dkkkpmba/public_html/vinayakelectrical.in/system/library/db/mysqli.php on line 7
2019-03-23 21:43:27 - PHP Warning:  DB\MySQLi::__construct(): Couldn't fetch mysqli in /home/dkkkpmba/public_html/vinayakelectrical.in/system/library/db/mysqli.php on line 10
2019-03-23 21:43:27 - PHP Warning:  DB\MySQLi::__construct(): Couldn't fetch mysqli in /home/dkkkpmba/public_html/vinayakelectrical.in/system/library/db/mysqli.php on line 10
2019-03-23 21:59:39 - PHP Warning:  mysqli::__construct(): (08004/1040): Too many connections in /home/dkkkpmba/public_html/kasturicollection.com/system/library/db/mysqli.php on line 13
2019-03-23 21:59:41 - PHP Warning:  DB\MySQLi::__construct(): Couldn't fetch mysqli in /home/dkkkpmba/public_html/kasturicollection.com/system/library/db/mysqli.php on line 19
2019-03-23 21:59:42 - PHP Warning:  DB\MySQLi::__construct(): Couldn't fetch mysqli in /home/dkkkpmba/public_html/kasturicollection.com/system/library/db/mysqli.php on line 19
2019-03-24 20:58:41 - PHP Warning:  unlink(/home/dkkkpmba/public_html/storage/cache/cache.catalog.language.1553463728): No such file or directory in /home/dkkkpmba/public_html/vinayakelectrical.in/system/library/cache/file.php on line 68
2019-03-24 23:04:01 - PHP Warning:  unlink(/home/dkkkpmba/public_html/storage/cache/cache.catalog.language.1553471480): No such file or directory in /home/dkkkpmba/public_html/vinayakelectrical.in/system/library/cache/file.php on line 68
2019-03-25 22:02:51 - PHP Warning:  unlink(/home/dkkkpmba/public_html/storage/cache/cache.catalog.language.1553550976): No such file or directory in /home/dkkkpmba/public_html/vinayakelectrical.in/system/library/cache/file.php on line 17
2019-04-14 11:16:43 - PHP Warning:  unlink(/home/dkkkpmba/public_html/storage/cache/cache.catalog.language.1555236442): No such file or directory in /home/dkkkpmba/public_html/vinayakelectrical.in/system/library/cache/file.php on line 17
2019-04-16 13:01:31 - PHP Warning:  unlink(/home/dkkkpmba/public_html/storage/cache/cache.catalog.language.1555421447): No such file or directory in /home/dkkkpmba/public_html/vinayakelectrical.in/system/library/cache/file.php on line 68
2019-04-30 17:22:17 - PHP Warning:  unlink(/home/dkkkpmba/public_html/storage/cache/cache.catalog.language.1556641702): No such file or directory in /home/dkkkpmba/public_html/vinayakelectrical.in/system/library/cache/file.php on line 17
2019-05-01 6:35:22 - PHP Warning:  unlink(/home/dkkkpmba/public_html/storage/cache/cache.catalog.language.1556695637): No such file or directory in /home/dkkkpmba/public_html/vinayakelectrical.in/system/library/cache/file.php on line 68
2019-05-01 6:35:22 - PHP Warning:  unlink(/home/dkkkpmba/public_html/storage/cache/cache.catalog.language.1556695637): No such file or directory in /home/dkkkpmba/public_html/vinayakelectrical.in/system/library/cache/file.php on line 68
2019-05-01 6:35:22 - PHP Warning:  unlink(/home/dkkkpmba/public_html/storage/cache/cache.catalog.language.1556695637): No such file or directory in /home/dkkkpmba/public_html/vinayakelectrical.in/system/library/cache/file.php on line 68
2019-05-03 11:46:22 - PHP Warning:  unlink(/home/dkkkpmba/public_html/storage/cache/cache.catalog.language.1556884922): No such file or directory in /home/dkkkpmba/public_html/vinayakelectrical.in/system/library/cache/file.php on line 68
2019-05-10 12:08:58 - PHP Warning:  unlink(/home/dkkkpmba/public_html/storage/cache/cache.catalog.language.1557491166): No such file or directory in /home/dkkkpmba/public_html/vinayakelectrical.in/system/library/cache/file.php on line 68
2019-06-19 20:09:50 - PHP Warning:  unlink(/home/dkkkpmba/public_html/storage/cache/cache.catalog.language.1560978050): No such file or directory in /home/dkkkpmba/public_html/vinayakelectrical.in/system/library/cache/file.php on line 68
2019-07-03 13:25:40 - PHP Warning:  unlink(/home/dkkkpmba/public_html/storage/cache/cache.catalog.language.1562163673): No such file or directory in /home/dkkkpmba/public_html/vinayakelectrical.in/system/library/cache/file.php on line 68
2019-07-03 14:13:00 - PHP Warning:  unlink(/home/dkkkpmba/public_html/storage/cache/cache.catalog.language.1562165893): No such file or directory in /home/dkkkpmba/public_html/vinayakelectrical.in/system/library/cache/file.php on line 68
2019-07-03 15:03:04 - PHP Warning:  unlink(/home/dkkkpmba/public_html/storage/cache/cache.currency.1562165387): No such file or directory in /home/dkkkpmba/public_html/vinayakelectrical.in/system/library/cache/file.php on line 17
2019-08-05 21:01:25 - PHP Warning:  unlink(/home/dkkkpmba/public_html/storage/cache/cache.catalog.language.1565041909): No such file or directory in /home/dkkkpmba/public_html/vinayakelectrical.in/system/library/cache/file.php on line 68
2019-08-07 1:19:25 - PHP Warning:  unlink(/home/dkkkpmba/public_html/storage/cache/cache.catalog.language.1565144365): No such file or directory in /home/dkkkpmba/public_html/vinayakelectrical.in/system/library/cache/file.php on line 68
2019-08-07 1:19:25 - PHP Warning:  unlink(/home/dkkkpmba/public_html/storage/cache/cache.catalog.language.1565144365): No such file or directory in /home/dkkkpmba/public_html/vinayakelectrical.in/system/library/cache/file.php on line 68
2019-08-07 1:19:25 - PHP Warning:  unlink(/home/dkkkpmba/public_html/storage/cache/cache.catalog.language.1565144365): No such file or directory in /home/dkkkpmba/public_html/vinayakelectrical.in/system/library/cache/file.php on line 68
2019-08-22 14:12:30 - PHP Warning:  unlink(/home/dkkkpmba/public_html/storage/cache/cache.catalog.language.1566479919): No such file or directory in /home/dkkkpmba/public_html/vinayakelectrical.in/system/library/cache/file.php on line 17
2019-09-01 22:16:50 - PHP Warning:  unlink(/home/dkkkpmba/public_html/storage/cache/cache.catalog.language.1567378308): No such file or directory in /home/dkkkpmba/public_html/vinayakelectrical.in/system/library/cache/file.php on line 68
2019-09-01 22:16:50 - PHP Warning:  unlink(/home/dkkkpmba/public_html/storage/cache/cache.catalog.language.1567378308): No such file or directory in /home/dkkkpmba/public_html/vinayakelectrical.in/system/library/cache/file.php on line 68
2019-09-01 22:16:50 - PHP Warning:  unlink(/home/dkkkpmba/public_html/storage/cache/cache.catalog.language.1567378308): No such file or directory in /home/dkkkpmba/public_html/vinayakelectrical.in/system/library/cache/file.php on line 68
2019-09-11 23:19:44 - PHP Warning:  mysqli::mysqli(): (HY000/2002): Can't connect to local MySQL server through socket '/var/lib/mysql/mysql.sock' (2) in /home/dkkkpmba/public_html/kasturicollection.com/system/library/db/mysqli.php on line 13
2019-09-11 23:19:44 - PHP Warning:  DB\MySQLi::__construct(): Couldn't fetch mysqli in /home/dkkkpmba/public_html/kasturicollection.com/system/library/db/mysqli.php on line 19
2019-09-11 23:19:44 - PHP Warning:  DB\MySQLi::__construct(): Couldn't fetch mysqli in /home/dkkkpmba/public_html/kasturicollection.com/system/library/db/mysqli.php on line 19
2019-09-24 18:42:54 - PHP Warning:  unlink(/home/dkkkpmba/public_html/storage/cache/cache.catalog.language.1569344731): No such file or directory in /home/dkkkpmba/public_html/vinayakelectrical.in/system/library/cache/file.php on line 17
2019-10-02 16:12:14 - PHP Warning:  unlink(/home/dkkkpmba/public_html/storage/cache/cache.catalog.language.1570030700): No such file or directory in /home/dkkkpmba/public_html/vinayakelectrical.in/system/library/cache/file.php on line 17
2019-10-02 16:12:14 - PHP Warning:  unlink(/home/dkkkpmba/public_html/storage/cache/cache.catalog.language.1570030700): No such file or directory in /home/dkkkpmba/public_html/vinayakelectrical.in/system/library/cache/file.php on line 17
2019-10-02 16:12:14 - PHP Warning:  unlink(/home/dkkkpmba/public_html/storage/cache/cache.catalog.language.1570030700): No such file or directory in /home/dkkkpmba/public_html/vinayakelectrical.in/system/library/cache/file.php on line 17
2019-10-10 8:17:17 - PHP Warning:  unlink(/home/dkkkpmba/public_html/storage/cache/cache.currency.1570694911): No such file or directory in /home/dkkkpmba/public_html/vinayakelectrical.in/system/library/cache/file.php on line 17
2019-10-12 1:56:47 - PHP Warning:  unlink(/home/dkkkpmba/public_html/storage/cache/cache.catalog.language.1570841060): No such file or directory in /home/dkkkpmba/public_html/vinayakelectrical.in/system/library/cache/file.php on line 17
2020-05-02 13:16:17 - PHP Warning:  unlink(/home/dkkkpmba/public_html/storage/cache/cache.catalog.language.1588428007): No such file or directory in /home/dkkkpmba/public_html/vinayakelectrical.in/system/library/cache/file.php on line 68
2020-05-02 13:16:17 - PHP Warning:  unlink(/home/dkkkpmba/public_html/storage/cache/cache.catalog.language.1588428007): No such file or directory in /home/dkkkpmba/public_html/vinayakelectrical.in/system/library/cache/file.php on line 68
2020-05-02 13:16:17 - PHP Warning:  unlink(/home/dkkkpmba/public_html/storage/cache/cache.currency.1588428977): No such file or directory in /home/dkkkpmba/public_html/vinayakelectrical.in/system/library/cache/file.php on line 68
2020-05-06 16:18:03 - PHP Warning:  unlink(/home/dkkkpmba/public_html/storage/cache/cache.catalog.language.1588783401): No such file or directory in /home/dkkkpmba/public_html/vinayakelectrical.in/system/library/cache/file.php on line 68
2020-05-13 23:01:10 - PHP Warning:  unlink(/home/dkkkpmba/public_html/storage/cache/cache.currency.1589409762): No such file or directory in /home/dkkkpmba/public_html/vinayakelectrical.in/system/library/cache/file.php on line 17
2020-05-13 23:01:10 - PHP Warning:  unlink(/home/dkkkpmba/public_html/storage/cache/cache.catalog.language.1589412136): No such file or directory in /home/dkkkpmba/public_html/vinayakelectrical.in/system/library/cache/file.php on line 68
2020-05-14 10:39:06 - PHP Warning:  mysqli::mysqli(): (HY000/2002): Can't connect to local MySQL server through socket '/var/lib/mysql/mysql.sock' (2) in /home/dkkkpmba/public_html/kasturicollection.com/system/library/db/mysqli.php on line 13
2020-05-14 10:39:06 - PHP Warning:  DB\MySQLi::__construct(): Couldn't fetch mysqli in /home/dkkkpmba/public_html/kasturicollection.com/system/library/db/mysqli.php on line 19
2020-05-14 10:39:06 - PHP Warning:  DB\MySQLi::__construct(): Couldn't fetch mysqli in /home/dkkkpmba/public_html/kasturicollection.com/system/library/db/mysqli.php on line 19
2020-05-19 7:07:44 - PHP Warning:  unlink(/home/dkkkpmba/public_html/storage/cache/cache.catalog.language.1589873709): No such file or directory in /home/dkkkpmba/public_html/vinayakelectrical.in/system/library/cache/file.php on line 68
2020-05-19 7:07:44 - PHP Warning:  unlink(/home/dkkkpmba/public_html/storage/cache/cache.catalog.language.1589873709): No such file or directory in /home/dkkkpmba/public_html/vinayakelectrical.in/system/library/cache/file.php on line 68
2020-05-19 7:07:44 - PHP Warning:  unlink(/home/dkkkpmba/public_html/storage/cache/cache.catalog.language.1589873709): No such file or directory in /home/dkkkpmba/public_html/vinayakelectrical.in/system/library/cache/file.php on line 68
2020-05-19 7:07:45 - PHP Warning:  unlink(/home/dkkkpmba/public_html/storage/cache/cache.catalog.language.1589875664): No such file or directory in /home/dkkkpmba/public_html/vinayakelectrical.in/system/library/cache/file.php on line 68
2020-05-19 9:21:14 - PHP Warning:  unlink(/home/dkkkpmba/public_html/storage/cache/cache.catalog.language.1589883210): No such file or directory in /home/dkkkpmba/public_html/vinayakelectrical.in/system/library/cache/file.php on line 68
2020-05-19 9:21:14 - PHP Warning:  unlink(/home/dkkkpmba/public_html/storage/cache/cache.catalog.language.1589883210): No such file or directory in /home/dkkkpmba/public_html/vinayakelectrical.in/system/library/cache/file.php on line 68
2020-05-19 9:21:14 - PHP Warning:  unlink(/home/dkkkpmba/public_html/storage/cache/cache.catalog.language.1589883210): No such file or directory in /home/dkkkpmba/public_html/vinayakelectrical.in/system/library/cache/file.php on line 68
2020-05-20 15:58:30 - PHP Warning:  unlink(/home/dkkkpmba/public_html/storage/cache/cache.catalog.language.1589992942): No such file or directory in /home/dkkkpmba/public_html/vinayakelectrical.in/system/library/cache/file.php on line 68
2020-05-20 15:58:30 - PHP Warning:  unlink(/home/dkkkpmba/public_html/storage/cache/cache.catalog.language.1589992942): No such file or directory in /home/dkkkpmba/public_html/vinayakelectrical.in/system/library/cache/file.php on line 68
2020-05-20 15:58:30 - PHP Warning:  unlink(/home/dkkkpmba/public_html/storage/cache/cache.catalog.language.1589992942): No such file or directory in /home/dkkkpmba/public_html/vinayakelectrical.in/system/library/cache/file.php on line 68
2020-05-20 15:58:30 - PHP Warning:  unlink(/home/dkkkpmba/public_html/storage/cache/cache.catalog.language.1589993910): No such file or directory in /home/dkkkpmba/public_html/vinayakelectrical.in/system/library/cache/file.php on line 68
2020-05-23 11:03:57 - PHP Warning:  unlink(/home/dkkkpmba/public_html/storage/cache/cache.catalog.language.1590228856): No such file or directory in /home/dkkkpmba/public_html/vinayakelectrical.in/system/library/cache/file.php on line 17
2020-05-29 13:14:43 - PHP Warning:  unlink(/home/dkkkpmba/public_html/storage/cache/cache.catalog.language.1590756936): No such file or directory in /home/dkkkpmba/public_html/vinayakelectrical.in/system/library/cache/file.php on line 17
2020-06-01 19:53:37 - PHP Warning:  unlink(/home/dkkkpmba/public_html/storage/cache/cache.catalog.language.1591039518): No such file or directory in /home/dkkkpmba/public_html/vinayakelectrical.in/system/library/cache/file.php on line 17
2020-06-04 11:58:45 - PHP Warning:  unlink(/home/dkkkpmba/public_html/storage/cache/cache.currency.1591271740): No such file or directory in /home/dkkkpmba/public_html/vinayakelectrical.in/system/library/cache/file.php on line 17
2020-06-04 11:58:45 - PHP Warning:  unlink(/home/dkkkpmba/public_html/storage/cache/cache.catalog.language.1591274787): No such file or directory in /home/dkkkpmba/public_html/vinayakelectrical.in/system/library/cache/file.php on line 68
2020-06-10 6:09:29 - PHP Warning:  unlink(/home/dkkkpmba/public_html/storage/cache/cache.catalog.language.1591771037): No such file or directory in /home/dkkkpmba/public_html/vinayakelectrical.in/system/library/cache/file.php on line 68
2020-06-19 12:18:25 - PHP Warning:  unlink(/home/dkkkpmba/public_html/storage/cache/cache.catalog.language.1592571587): No such file or directory in /home/dkkkpmba/public_html/vinayakelectrical.in/system/library/cache/file.php on line 68
2020-06-29 20:41:40 - PHP Warning:  unlink(/home/dkkkpmba/public_html/storage/cache/cache.catalog.language.1593466625): No such file or directory in /home/dkkkpmba/public_html/vinayakelectrical.in/system/library/cache/file.php on line 68
2020-07-11 20:47:49 - PHP Warning:  unlink(/home/dkkkpmba/public_html/storage/cache/cache.catalog.language.1594503399): No such file or directory in /home/dkkkpmba/public_html/vinayakelectrical.in/system/library/cache/file.php on line 68
2020-07-14 8:16:22 - PHP Warning:  unlink(/home/dkkkpmba/public_html/storage/cache/cache.catalog.language.1594716224): No such file or directory in /home/dkkkpmba/public_html/vinayakelectrical.in/system/library/cache/file.php on line 68
2020-07-14 12:33:52 - PHP Warning:  unlink(/home/dkkkpmba/public_html/storage/cache/cache.catalog.language.1594730961): No such file or directory in /home/dkkkpmba/public_html/vinayakelectrical.in/system/library/cache/file.php on line 68
2020-07-16 22:04:04 - PHP Warning:  unlink(/home/dkkkpmba/public_html/storage/cache/cache.catalog.language.1594940117): No such file or directory in /home/dkkkpmba/public_html/vinayakelectrical.in/system/library/cache/file.php on line 68
2020-07-16 22:04:04 - PHP Warning:  unlink(/home/dkkkpmba/public_html/storage/cache/cache.catalog.language.1594940117): No such file or directory in /home/dkkkpmba/public_html/vinayakelectrical.in/system/library/cache/file.php on line 68
2020-07-16 22:04:04 - PHP Warning:  unlink(/home/dkkkpmba/public_html/storage/cache/cache.catalog.language.1594940117): No such file or directory in /home/dkkkpmba/public_html/vinayakelectrical.in/system/library/cache/file.php on line 68
2020-07-21 7:00:29 - PHP Warning:  unlink(/home/dkkkpmba/public_html/storage/cache/cache.currency.1595313412): No such file or directory in /home/dkkkpmba/public_html/vinayakelectrical.in/system/library/cache/file.php on line 17
2020-07-21 7:00:29 - PHP Warning:  unlink(/home/dkkkpmba/public_html/storage/cache/cache.catalog.language.1595315922): No such file or directory in /home/dkkkpmba/public_html/vinayakelectrical.in/system/library/cache/file.php on line 68
2020-07-29 12:15:09 - PHP Warning:  unlink(/home/dkkkpmba/public_html/storage/cache/cache.catalog.language.1596024619): No such file or directory in /home/dkkkpmba/public_html/vinayakelectrical.in/system/library/cache/file.php on line 17
2020-08-02 19:45:07 - PHP Warning:  unlink(/home/dkkkpmba/public_html/storage/cache/cache.currency.1596397478): No such file or directory in /home/dkkkpmba/public_html/vinayakelectrical.in/system/library/cache/file.php on line 17
2020-08-04 20:58:59 - PHP Warning:  unlink(/home/dkkkpmba/public_html/storage/cache/cache.catalog.language.1596578338): No such file or directory in /home/dkkkpmba/public_html/vinayakelectrical.in/system/library/cache/file.php on line 68
2020-08-04 21:00:38 - PHP Warning:  unlink(/home/dkkkpmba/public_html/storage/cache/cache.catalog.language.1596578404): No such file or directory in /home/dkkkpmba/public_html/vinayakelectrical.in/system/library/cache/file.php on line 68
2020-08-04 21:02:42 - PHP Warning:  unlink(/home/dkkkpmba/public_html/storage/cache/cache.catalog.language.1596578461): No such file or directory in /home/dkkkpmba/public_html/vinayakelectrical.in/system/library/cache/file.php on line 68
2020-08-04 21:02:42 - PHP Warning:  unlink(/home/dkkkpmba/public_html/storage/cache/cache.catalog.language.1596578461): No such file or directory in /home/dkkkpmba/public_html/vinayakelectrical.in/system/library/cache/file.php on line 68
2020-08-10 20:06:39 - PHP Warning:  unlink(/home/dkkkpmba/public_html/storage/cache/cache.catalog.language.1597092292): No such file or directory in /home/dkkkpmba/public_html/vinayakelectrical.in/system/library/cache/file.php on line 68
2020-08-10 20:06:39 - PHP Warning:  unlink(/home/dkkkpmba/public_html/storage/cache/cache.catalog.language.1597092292): No such file or directory in /home/dkkkpmba/public_html/vinayakelectrical.in/system/library/cache/file.php on line 68
2020-08-10 20:06:39 - PHP Warning:  unlink(/home/dkkkpmba/public_html/storage/cache/cache.catalog.language.1597092292): No such file or directory in /home/dkkkpmba/public_html/vinayakelectrical.in/system/library/cache/file.php on line 68
2020-08-15 13:06:25 - PHP Warning:  unlink(/home/dkkkpmba/public_html/storage/cache/cache.catalog.language.1597500385): No such file or directory in /home/dkkkpmba/public_html/vinayakelectrical.in/system/library/cache/file.php on line 68
2020-08-15 13:06:25 - PHP Warning:  unlink(/home/dkkkpmba/public_html/storage/cache/cache.catalog.language.1597500385): No such file or directory in /home/dkkkpmba/public_html/vinayakelectrical.in/system/library/cache/file.php on line 68
2020-08-15 13:06:25 - PHP Warning:  unlink(/home/dkkkpmba/public_html/storage/cache/cache.catalog.language.1597500385): No such file or directory in /home/dkkkpmba/public_html/vinayakelectrical.in/system/library/cache/file.php on line 68
2020-08-19 20:48:50 - PHP Warning:  mysqli::mysqli(): (HY000/1040): Too many connections in /home/dkkkpmba/public_html/kasturicollection.com/system/library/db/mysqli.php on line 13
2020-08-19 20:48:50 - PHP Warning:  DB\MySQLi::__construct(): Couldn't fetch mysqli in /home/dkkkpmba/public_html/kasturicollection.com/system/library/db/mysqli.php on line 19
2020-08-19 20:48:50 - PHP Warning:  DB\MySQLi::__construct(): Couldn't fetch mysqli in /home/dkkkpmba/public_html/kasturicollection.com/system/library/db/mysqli.php on line 19
2020-08-30 18:49:31 - PHP Warning:  mysqli::__construct(): (HY000/1045): Access denied for user 'kasturic_kasturi'@'localhost' (using password: YES) in /home/kasturic/public_html/vinayakelectrical.in/system/library/db/mysqli.php on line 7
2020-08-30 18:49:31 - PHP Warning:  DB\MySQLi::__construct(): Couldn't fetch mysqli in /home/kasturic/public_html/vinayakelectrical.in/system/library/db/mysqli.php on line 10
2020-08-30 18:49:31 - PHP Warning:  DB\MySQLi::__construct(): Couldn't fetch mysqli in /home/kasturic/public_html/vinayakelectrical.in/system/library/db/mysqli.php on line 10
2020-08-30 18:49:53 - PHP Warning:  mysqli::__construct(): (HY000/1045): Access denied for user 'kasturic_kasturi'@'localhost' (using password: YES) in /home/kasturic/public_html/vinayakelectrical.in/system/library/db/mysqli.php on line 7
2020-08-30 18:49:53 - PHP Warning:  DB\MySQLi::__construct(): Couldn't fetch mysqli in /home/kasturic/public_html/vinayakelectrical.in/system/library/db/mysqli.php on line 10
2020-08-30 18:49:53 - PHP Warning:  DB\MySQLi::__construct(): Couldn't fetch mysqli in /home/kasturic/public_html/vinayakelectrical.in/system/library/db/mysqli.php on line 10
2020-08-31 22:52:48 - PHP Warning:  unlink(/home/kasturic/public_html/storage/cache/cache.catalog.language.1598917785): No such file or directory in /home/kasturic/public_html/vinayakelectrical.in/system/library/cache/file.php on line 68
2020-08-31 22:52:48 - PHP Warning:  unlink(/home/kasturic/public_html/storage/cache/cache.catalog.language.1598917785): No such file or directory in /home/kasturic/public_html/vinayakelectrical.in/system/library/cache/file.php on line 68
2020-08-31 22:52:48 - PHP Warning:  unlink(/home/kasturic/public_html/storage/cache/cache.catalog.language.1598917785): No such file or directory in /home/kasturic/public_html/vinayakelectrical.in/system/library/cache/file.php on line 68
2020-09-13 19:46:29 - PHP Warning:  unlink(/home/kasturic/public_html/storage/cache/cache.catalog.language.1600028432): No such file or directory in /home/kasturic/public_html/vinayakelectrical.in/system/library/cache/file.php on line 68
2020-09-16 7:00:18 - PHP Warning:  unlink(/home/kasturic/public_html/storage/cache/cache.catalog.language.1600241932): No such file or directory in /home/kasturic/public_html/vinayakelectrical.in/system/library/cache/file.php on line 68
2020-10-04 13:30:13 - PHP Warning:  unlink(/home/kasturic/public_html/storage/cache/cache.catalog.language.1601820611): No such file or directory in /home/kasturic/public_html/vinayakelectrical.in/system/library/cache/file.php on line 68
2020-10-05 2:03:14 - PHP Warning:  unlink(/home/kasturic/public_html/storage/cache/cache.catalog.language.1601866389): No such file or directory in /home/kasturic/public_html/vinayakelectrical.in/system/library/cache/file.php on line 68
2020-10-11 0:25:19 - PHP Warning:  unlink(/home/kasturic/public_html/storage/cache/cache.catalog.language.1602374974): No such file or directory in /home/kasturic/public_html/vinayakelectrical.in/system/library/cache/file.php on line 17
