2018-11-14 17:05:58 - PHP Notice:  Undefined variable: product_id in /home/dkkkpmba/public_html/kasturicollection.com/multivendor/catalog/controller/product/product.php on line 688
2018-12-13 16:03:01 - PHP Notice:  Undefined index: mproducts in /home/dkkkpmba/public_html/kasturicollection.com/multivendor/catalog/controller/mail/order.php on line 359
2018-12-13 16:03:01 - PHP Warning:  Invalid argument supplied for foreach() in /home/dkkkpmba/public_html/kasturicollection.com/multivendor/catalog/controller/mail/order.php on line 359
2019-06-04 17:53:27 - PHP Notice:  Undefined index: product_id in /home/dkkkpmba/public_html/kasturicollection.com/multivendor/catalog/controller/checkout/cart.php on line 285
2019-11-05 4:20:21 - PHP Warning:  unlink(/home/dkkkpmba/public_html/mutilvrndor_storage/cache/cache.catalog.language.1572929706): No such file or directory in /home/dkkkpmba/public_html/kasturicollection.com/multivendor/system/library/cache/file.php on line 68
2019-11-05 4:20:21 - PHP Warning:  unlink(/home/dkkkpmba/public_html/mutilvrndor_storage/cache/cache.catalog.language.1572931221): No such file or directory in /home/dkkkpmba/public_html/kasturicollection.com/multivendor/system/library/cache/file.php on line 68
2020-02-09 11:36:54 - PHP Notice:  Undefined index: mproducts in /home/dkkkpmba/public_html/kasturicollection.com/multivendor/catalog/controller/mail/order.php on line 359
2020-02-09 11:36:54 - PHP Warning:  Invalid argument supplied for foreach() in /home/dkkkpmba/public_html/kasturicollection.com/multivendor/catalog/controller/mail/order.php on line 359
2020-02-09 11:37:02 - PHP Notice:  Undefined index: mproducts in /home/dkkkpmba/public_html/kasturicollection.com/multivendor/catalog/controller/mail/order.php on line 359
2020-02-09 11:37:02 - PHP Warning:  Invalid argument supplied for foreach() in /home/dkkkpmba/public_html/kasturicollection.com/multivendor/catalog/controller/mail/order.php on line 359
2020-02-09 11:37:09 - PHP Notice:  Undefined index: mproducts in /home/dkkkpmba/public_html/kasturicollection.com/multivendor/catalog/controller/mail/order.php on line 359
2020-02-09 11:37:09 - PHP Warning:  Invalid argument supplied for foreach() in /home/dkkkpmba/public_html/kasturicollection.com/multivendor/catalog/controller/mail/order.php on line 359
2020-03-29 11:24:02 - PHP Notice:  Undefined variable: _SESSION in /home/dkkkpmba/public_html/kasturicollection.com/multivendor/catalog/controller/checkout/success.php on line 62
2020-03-29 11:24:02 - PHP Notice:  Undefined variable: _SESSION in /home/dkkkpmba/public_html/kasturicollection.com/multivendor/catalog/controller/checkout/success.php on line 63
2020-03-29 14:41:11 - PHP Notice:  Undefined index: txMsg in /home/dkkkpmba/public_html/kasturicollection.com/multivendor/catalog/controller/extension/payment/cashfree.php on line 85
2020-03-29 14:47:36 - PHP Notice:  Undefined index: mproducts in /home/dkkkpmba/public_html/kasturicollection.com/multivendor/catalog/controller/mail/order.php on line 359
2020-03-29 14:47:36 - PHP Warning:  Invalid argument supplied for foreach() in /home/dkkkpmba/public_html/kasturicollection.com/multivendor/catalog/controller/mail/order.php on line 359
2020-03-30 6:48:48 - PHP Warning:  unlink(/home/dkkkpmba/public_html/mutilvrndor_storage/cache/cache.catalog.language.1585554528): No such file or directory in /home/dkkkpmba/public_html/kasturicollection.com/multivendor/system/library/cache/file.php on line 68
2020-04-26 5:46:29 - PHP Notice:  Undefined index: product_id in /home/dkkkpmba/public_html/kasturicollection.com/multivendor/catalog/controller/checkout/cart.php on line 285
2020-04-26 5:46:35 - PHP Notice:  Undefined index: product_id in /home/dkkkpmba/public_html/kasturicollection.com/multivendor/catalog/controller/checkout/cart.php on line 285
